GROUP,PACKAGE,CLASS,INSTRUCTION_MISSED,INSTRUCTION_COVERED,BRANCH_MISSED,BRANCH_COVERED,LINE_MISSED,LINE_COVERED,COMPLEXITY_MISSED,COMPLEXITY_COVERED,METHOD_MISSED,METHOD_COVERED
qa-tests-lab,com.example.service,AccessControlService,2,20,2,4,1,5,2,3,0,2
qa-tests-lab,com.example.service,TaskValidationService,4,34,5,9,2,8,5,4,0,2
qa-tests-lab,com.example.service,TaskManagementService,0,38,0,4,0,10,0,4,0,2
qa-tests-lab,com.example.domain,User,0,15,0,0,0,6,0,3,0,3
qa-tests-lab,com.example.domain,Task,0,27,0,0,0,10,0,5,0,5
qa-tests-lab,com.example.repository,InMemoryTaskRepository,18,29,2,0,4,7,2,4,1,4
