<?xml version="1.0" encoding="UTF-8"?>
<testsuite xmlns:xsi="http://www.w3.org/2001/XMLSchema-instance" xsi:noNamespaceSchemaLocation="https://maven.apache.org/surefire/maven-surefire-plugin/xsd/surefire-test-report-3.0.xsd" version="3.0" name="com.example.integration.TaskManagementIntegrationTest" time="0.356" tests="5" errors="0" skipped="0" failures="0">
  <properties>
[...]
</properties>
  <testcase name="IT_03_createTask_observer_shouldNotPersist" classname="com.example.integration.TaskManagementIntegrationTest" time="0.023"/>
  <testcase name="IT_01_createTask_validOwner_shouldPersist" classname="com.example.integration.TaskManagementIntegrationTest" time="0.008"/>
  <testcase name="IT_04_mockRepo_noPermissions_repoNotCalled" classname="com.example.integration.TaskManagementIntegrationTest" time="0.282"/>
  <testcase name="IT_05_spyRepo_saveIsCalledAndDataIsStored" classname="com.example.integration.TaskManagementIntegrationTest" time="0.028"/>
  <testcase name="IT_02_createTask_invalidTask_shouldNotPersist" classname="com.example.integration.TaskManagementIntegrationTest" time="0.0"/>
</testsuite>